[0.069s] Invoking command in '/home/mahdi/atwork/robot_ws/build/alpha_robot': CMAKE_PREFIX_PATH=${CMAKE_PREFIX_PATH}:/opt/ros/humble /usr/bin/cmake --build /home/mahdi/atwork/robot_ws/build/alpha_robot -- -j6 -l6
[0.125s] Invoked command in '/home/mahdi/atwork/robot_ws/build/alpha_robot' returned '0': CMAKE_PREFIX_PATH=${CMAKE_PREFIX_PATH}:/opt/ros/humble /usr/bin/cmake --build /home/mahdi/atwork/robot_ws/build/alpha_robot -- -j6 -l6
[0.185s] Invoking command in '/home/mahdi/atwork/robot_ws/build/alpha_robot': CMAKE_PREFIX_PATH=${CMAKE_PREFIX_PATH}:/opt/ros/humble /usr/bin/cmake --install /home/mahdi/atwork/robot_ws/build/alpha_robot
[0.193s] -- Install configuration: ""
[0.195s] -- Execute custom install script
[0.199s] -- Up-to-date symlink: /home/mahdi/atwork/robot_ws/install/alpha_robot/share/alpha_robot/config/empty.yaml
[0.199s] -- Up-to-date symlink: /home/mahdi/atwork/robot_ws/install/alpha_robot/share/alpha_robot/config/view_bot.rviz
[0.199s] -- Up-to-date symlink: /home/mahdi/atwork/robot_ws/install/alpha_robot/share/alpha_robot/description/atwork.urdf.xacro
[0.199s] -- Up-to-date symlink: /home/mahdi/atwork/robot_ws/install/alpha_robot/share/alpha_robot/description/gazebo_control.xacro
[0.200s] -- Up-to-date symlink: /home/mahdi/atwork/robot_ws/install/alpha_robot/share/alpha_robot/description/inertia.marcos.xacro
[0.201s] -- Up-to-date symlink: /home/mahdi/atwork/robot_ws/install/alpha_robot/share/alpha_robot/description/lidar.xacro
[0.201s] -- Up-to-date symlink: /home/mahdi/atwork/robot_ws/install/alpha_robot/share/alpha_robot/description/robot_core.xacro
[0.201s] -- Up-to-date symlink: /home/mahdi/atwork/robot_ws/install/alpha_robot/share/alpha_robot/launch/launch_sim.launch.py
[0.201s] -- Up-to-date symlink: /home/mahdi/atwork/robot_ws/install/alpha_robot/share/alpha_robot/launch/rsp.launch.py
[0.201s] -- Up-to-date symlink: /home/mahdi/atwork/robot_ws/install/alpha_robot/share/alpha_robot/worlds/empty.world
[0.201s] -- Up-to-date symlink: /home/mahdi/atwork/robot_ws/install/alpha_robot/share/ament_index/resource_index/package_run_dependencies/alpha_robot
[0.202s] -- Up-to-date symlink: /home/mahdi/atwork/robot_ws/install/alpha_robot/share/ament_index/resource_index/parent_prefix_path/alpha_robot
[0.203s] -- Up-to-date symlink: /home/mahdi/atwork/robot_ws/install/alpha_robot/share/alpha_robot/environment/ament_prefix_path.sh
[0.204s] -- Up-to-date symlink: /home/mahdi/atwork/robot_ws/install/alpha_robot/share/alpha_robot/environment/ament_prefix_path.dsv
[0.204s] -- Up-to-date symlink: /home/mahdi/atwork/robot_ws/install/alpha_robot/share/alpha_robot/environment/path.sh
[0.204s] -- Up-to-date symlink: /home/mahdi/atwork/robot_ws/install/alpha_robot/share/alpha_robot/environment/path.dsv
[0.205s] -- Up-to-date symlink: /home/mahdi/atwork/robot_ws/install/alpha_robot/share/alpha_robot/local_setup.bash
[0.205s] -- Up-to-date symlink: /home/mahdi/atwork/robot_ws/install/alpha_robot/share/alpha_robot/local_setup.sh
[0.206s] -- Up-to-date symlink: /home/mahdi/atwork/robot_ws/install/alpha_robot/share/alpha_robot/local_setup.zsh
[0.206s] -- Up-to-date symlink: /home/mahdi/atwork/robot_ws/install/alpha_robot/share/alpha_robot/local_setup.dsv
[0.206s] -- Symlinking: /home/mahdi/atwork/robot_ws/install/alpha_robot/share/alpha_robot/package.dsv
[0.216s] -- Up-to-date symlink: /home/mahdi/atwork/robot_ws/install/alpha_robot/share/ament_index/resource_index/packages/alpha_robot
[0.216s] -- Up-to-date symlink: /home/mahdi/atwork/robot_ws/install/alpha_robot/share/alpha_robot/cmake/alpha_robotConfig.cmake
[0.217s] -- Up-to-date symlink: /home/mahdi/atwork/robot_ws/install/alpha_robot/share/alpha_robot/cmake/alpha_robotConfig-version.cmake
[0.217s] -- Up-to-date symlink: /home/mahdi/atwork/robot_ws/install/alpha_robot/share/alpha_robot/package.xml
[0.219s] Invoked command in '/home/mahdi/atwork/robot_ws/build/alpha_robot' returned '0': CMAKE_PREFIX_PATH=${CMAKE_PREFIX_PATH}:/opt/ros/humble /usr/bin/cmake --install /home/mahdi/atwork/robot_ws/build/alpha_robot
