[0.036s] Invoking command in '/home/mahdi/atwork/robot_ws/build/alpha_robot': CMAKE_PREFIX_PATH=${CMAKE_PREFIX_PATH}:/opt/ros/humble /usr/bin/cmake --build /home/mahdi/atwork/robot_ws/build/alpha_robot -- -j6 -l6
[0.235s] -- Found ament_cmake: 1.3.4 (/opt/ros/humble/share/ament_cmake/cmake)
[0.470s] -- Override CMake install command with custom implementation using symlinks instead of copying resources
[0.517s] -- Found rclcpp: 16.0.4 (/opt/ros/humble/share/rclcpp/cmake)
[0.694s] -- Found rosidl_generator_c: 3.1.4 (/opt/ros/humble/share/rosidl_generator_c/cmake)
[0.712s] -- Found rosidl_adapter: 3.1.4 (/opt/ros/humble/share/rosidl_adapter/cmake)
[0.734s] -- Found rosidl_generator_cpp: 3.1.4 (/opt/ros/humble/share/rosidl_generator_cpp/cmake)
[0.779s] -- Using all available rosidl_typesupport_c: rosidl_typesupport_fastrtps_c;rosidl_typesupport_introspection_c
[0.813s] -- Using all available rosidl_typesupport_cpp: rosidl_typesupport_fastrtps_cpp;rosidl_typesupport_introspection_cpp
[0.942s] -- Found rmw_implementation_cmake: 6.1.1 (/opt/ros/humble/share/rmw_implementation_cmake/cmake)
[0.955s] -- Found rmw_fastrtps_cpp: 6.2.2 (/opt/ros/humble/share/rmw_fastrtps_cpp/cmake)
[1.141s] -- Found OpenSSL: /usr/lib/x86_64-linux-gnu/libcrypto.so (found version "3.0.2")  
[1.168s] -- Found FastRTPS: /opt/ros/humble/include  
[1.214s] -- Using RMW implementation 'rmw_fastrtps_cpp' as default
[1.234s] -- Looking for pthread.h
[1.576s] -- Looking for pthread.h - found
[1.577s] -- Performing Test CMAKE_HAVE_LIBC_PTHREAD
[1.700s] -- Performing Test CMAKE_HAVE_LIBC_PTHREAD - Success
[1.701s] -- Found Threads: TRUE  
[2.035s] -- Found sensor_msgs: 4.2.3 (/opt/ros/humble/share/sensor_msgs/cmake)
[2.256s] -- Found ament_lint_auto: 0.12.6 (/opt/ros/humble/share/ament_lint_auto/cmake)
[2.460s] -- Added test 'cppcheck' to perform static code analysis on C / C++ code
[2.460s] -- Configured cppcheck include dirs: /home/mahdi/atwork/robot_ws/src/alpha_robot/include;/home/mahdi/atwork/robot_ws/src/alpha_robot/ldlidar_driver/include/core;/home/mahdi/atwork/robot_ws/src/alpha_robot/ldlidar_driver/include/dataprocess;/home/mahdi/atwork/robot_ws/src/alpha_robot/ldlidar_driver/include/filter;/home/mahdi/atwork/robot_ws/src/alpha_robot/ldlidar_driver/include/logger;/home/mahdi/atwork/robot_ws/src/alpha_robot/ldlidar_driver/include/networkcom;/home/mahdi/atwork/robot_ws/src/alpha_robot/ldlidar_driver/include/serialcom
[2.460s] -- Configured cppcheck exclude dirs and/or files: 
[2.462s] -- Added test 'flake8' to check Python code syntax and style conventions
[2.464s] -- Added test 'lint_cmake' to check CMake code style
[2.465s] -- Added test 'pep257' to check Python code against some of the docstring style conventions in PEP 257
[2.467s] -- Added test 'uncrustify' to check C / C++ code style
[2.467s] -- Configured uncrustify additional arguments: 
[2.469s] -- Added test 'xmllint' to check XML markup files
[2.479s] -- Configuring done
[2.509s] -- Generating done
[2.513s] -- Build files have been written to: /home/mahdi/atwork/robot_ws/build/alpha_robot
[2.577s] [ 12%] [32mBuilding CXX object CMakeFiles/alpha_robot_node.dir/src/demo.cpp.o[0m
[2.598s] [ 25%] [32mBuilding CXX object CMakeFiles/alpha_robot_node.dir/ldlidar_driver/src/filter/tofbf.cpp.o[0m
[2.598s] [ 37%] [32mBuilding CXX object CMakeFiles/alpha_robot_node.dir/ldlidar_driver/src/core/ldlidar_driver.cpp.o[0m
[2.622s] [ 50%] [32mBuilding CXX object CMakeFiles/alpha_robot_node.dir/ldlidar_driver/src/dataprocess/lipkg.cpp.o[0m
[2.622s] [ 62%] [32mBuilding CXX object CMakeFiles/alpha_robot_node.dir/ldlidar_driver/src/logger/log_module.cpp.o[0m
[2.622s] [ 75%] [32mBuilding CXX object CMakeFiles/alpha_robot_node.dir/ldlidar_driver/src/networkcom/network_socket_interface_linux.cpp.o[0m
[4.605s] [ 87%] [32mBuilding CXX object CMakeFiles/alpha_robot_node.dir/ldlidar_driver/src/serialcom/serial_interface_linux.cpp.o[0m
[8.914s] [100%] [32m[1mLinking CXX executable alpha_robot_node[0m
[9.318s] [100%] Built target alpha_robot_node
[9.332s] Invoked command in '/home/mahdi/atwork/robot_ws/build/alpha_robot' returned '0': CMAKE_PREFIX_PATH=${CMAKE_PREFIX_PATH}:/opt/ros/humble /usr/bin/cmake --build /home/mahdi/atwork/robot_ws/build/alpha_robot -- -j6 -l6
[9.435s] Invoking command in '/home/mahdi/atwork/robot_ws/build/alpha_robot': CMAKE_PREFIX_PATH=${CMAKE_PREFIX_PATH}:/opt/ros/humble /usr/bin/cmake --install /home/mahdi/atwork/robot_ws/build/alpha_robot
[9.443s] -- Install configuration: ""
[9.443s] -- Execute custom install script
[9.445s] -- Up-to-date symlink: /home/mahdi/atwork/robot_ws/install/alpha_robot/share/alpha_robot/config/empty.yaml
[9.446s] -- Up-to-date symlink: /home/mahdi/atwork/robot_ws/install/alpha_robot/share/alpha_robot/config/view_bot.rviz
[9.448s] -- Up-to-date symlink: /home/mahdi/atwork/robot_ws/install/alpha_robot/share/alpha_robot/description/atwork.urdf.xacro
[9.448s] -- Up-to-date symlink: /home/mahdi/atwork/robot_ws/install/alpha_robot/share/alpha_robot/description/gazebo_control.xacro
[9.449s] -- Up-to-date symlink: /home/mahdi/atwork/robot_ws/install/alpha_robot/share/alpha_robot/description/inertia.marcos.xacro
[9.450s] -- Up-to-date symlink: /home/mahdi/atwork/robot_ws/install/alpha_robot/share/alpha_robot/description/lidar.xacro
[9.451s] -- Up-to-date symlink: /home/mahdi/atwork/robot_ws/install/alpha_robot/share/alpha_robot/description/robot_core.xacro
[9.453s] -- Up-to-date symlink: /home/mahdi/atwork/robot_ws/install/alpha_robot/share/alpha_robot/launch/launch_sim.launch.py
[9.453s] -- Symlinking: /home/mahdi/atwork/robot_ws/install/alpha_robot/share/alpha_robot/launch/ld19.launch.py
[9.462s] -- Up-to-date symlink: /home/mahdi/atwork/robot_ws/install/alpha_robot/share/alpha_robot/launch/rplidar.launch.py
[9.463s] -- Up-to-date symlink: /home/mahdi/atwork/robot_ws/install/alpha_robot/share/alpha_robot/launch/rsp.launch.py
[9.466s] -- Symlinking: /home/mahdi/atwork/robot_ws/install/alpha_robot/share/alpha_robot/launch/viewer_ld19.launch.py
[9.489s] -- Up-to-date symlink: /home/mahdi/atwork/robot_ws/install/alpha_robot/share/alpha_robot/worlds/empty.world
[9.490s] -- Symlinking: /home/mahdi/atwork/robot_ws/install/alpha_robot/lib/alpha_robot/alpha_robot_node
[9.502s] -- Up-to-date symlink: /home/mahdi/atwork/robot_ws/install/alpha_robot/share/ament_index/resource_index/package_run_dependencies/alpha_robot
[9.507s] -- Up-to-date symlink: /home/mahdi/atwork/robot_ws/install/alpha_robot/share/ament_index/resource_index/parent_prefix_path/alpha_robot
[9.507s] -- Up-to-date symlink: /home/mahdi/atwork/robot_ws/install/alpha_robot/share/alpha_robot/environment/ament_prefix_path.sh
[9.508s] -- Up-to-date symlink: /home/mahdi/atwork/robot_ws/install/alpha_robot/share/alpha_robot/environment/ament_prefix_path.dsv
[9.510s] -- Up-to-date symlink: /home/mahdi/atwork/robot_ws/install/alpha_robot/share/alpha_robot/environment/path.sh
[9.510s] -- Up-to-date symlink: /home/mahdi/atwork/robot_ws/install/alpha_robot/share/alpha_robot/environment/path.dsv
[9.511s] -- Up-to-date symlink: /home/mahdi/atwork/robot_ws/install/alpha_robot/share/alpha_robot/local_setup.bash
[9.513s] -- Up-to-date symlink: /home/mahdi/atwork/robot_ws/install/alpha_robot/share/alpha_robot/local_setup.sh
[9.514s] -- Up-to-date symlink: /home/mahdi/atwork/robot_ws/install/alpha_robot/share/alpha_robot/local_setup.zsh
[9.515s] -- Up-to-date symlink: /home/mahdi/atwork/robot_ws/install/alpha_robot/share/alpha_robot/local_setup.dsv
[9.515s] -- Symlinking: /home/mahdi/atwork/robot_ws/install/alpha_robot/share/alpha_robot/package.dsv
[9.526s] -- Up-to-date symlink: /home/mahdi/atwork/robot_ws/install/alpha_robot/share/ament_index/resource_index/packages/alpha_robot
[9.528s] -- Up-to-date symlink: /home/mahdi/atwork/robot_ws/install/alpha_robot/share/alpha_robot/cmake/alpha_robotConfig.cmake
[9.529s] -- Up-to-date symlink: /home/mahdi/atwork/robot_ws/install/alpha_robot/share/alpha_robot/cmake/alpha_robotConfig-version.cmake
[9.530s] -- Up-to-date symlink: /home/mahdi/atwork/robot_ws/install/alpha_robot/share/alpha_robot/package.xml
[9.532s] Invoked command in '/home/mahdi/atwork/robot_ws/build/alpha_robot' returned '0': CMAKE_PREFIX_PATH=${CMAKE_PREFIX_PATH}:/opt/ros/humble /usr/bin/cmake --install /home/mahdi/atwork/robot_ws/build/alpha_robot
