[0.055s] Invoking command in '/home/mahdi/atwork/robot_ws/build/alpha_robot': CMAKE_PREFIX_PATH=/opt/ros/humble /usr/bin/cmake --build /home/mahdi/atwork/robot_ws/build/alpha_robot -- -j6 -l6
[0.175s] Invoked command in '/home/mahdi/atwork/robot_ws/build/alpha_robot' returned '0': CMAKE_PREFIX_PATH=/opt/ros/humble /usr/bin/cmake --build /home/mahdi/atwork/robot_ws/build/alpha_robot -- -j6 -l6
[0.272s] Invoking command in '/home/mahdi/atwork/robot_ws/build/alpha_robot': CMAKE_PREFIX_PATH=/opt/ros/humble /usr/bin/cmake --install /home/mahdi/atwork/robot_ws/build/alpha_robot
[0.285s] -- Install configuration: ""
[0.287s] -- Execute custom install script
[0.290s] -- Up-to-date symlink: /home/mahdi/atwork/robot_ws/install/alpha_robot/share/alpha_robot/config/empty.yaml
[0.291s] -- Up-to-date symlink: /home/mahdi/atwork/robot_ws/install/alpha_robot/share/alpha_robot/description/atwork.urdf.xacro
[0.291s] -- Symlinking: /home/mahdi/atwork/robot_ws/install/alpha_robot/share/alpha_robot/description/inertia.marcos.xacro
[0.300s] -- Up-to-date symlink: /home/mahdi/atwork/robot_ws/install/alpha_robot/share/alpha_robot/description/robot_core.xacro
[0.301s] -- Up-to-date symlink: /home/mahdi/atwork/robot_ws/install/alpha_robot/share/alpha_robot/launch/rsp.launch.py
[0.301s] -- Up-to-date symlink: /home/mahdi/atwork/robot_ws/install/alpha_robot/share/alpha_robot/worlds/empty.world
[0.302s] -- Up-to-date symlink: /home/mahdi/atwork/robot_ws/install/alpha_robot/share/ament_index/resource_index/package_run_dependencies/alpha_robot
[0.302s] -- Up-to-date symlink: /home/mahdi/atwork/robot_ws/install/alpha_robot/share/ament_index/resource_index/parent_prefix_path/alpha_robot
[0.303s] -- Up-to-date symlink: /home/mahdi/atwork/robot_ws/install/alpha_robot/share/alpha_robot/environment/ament_prefix_path.sh
[0.304s] -- Up-to-date symlink: /home/mahdi/atwork/robot_ws/install/alpha_robot/share/alpha_robot/environment/ament_prefix_path.dsv
[0.304s] -- Up-to-date symlink: /home/mahdi/atwork/robot_ws/install/alpha_robot/share/alpha_robot/environment/path.sh
[0.304s] -- Up-to-date symlink: /home/mahdi/atwork/robot_ws/install/alpha_robot/share/alpha_robot/environment/path.dsv
[0.304s] -- Up-to-date symlink: /home/mahdi/atwork/robot_ws/install/alpha_robot/share/alpha_robot/local_setup.bash
[0.305s] -- Up-to-date symlink: /home/mahdi/atwork/robot_ws/install/alpha_robot/share/alpha_robot/local_setup.sh
[0.305s] -- Up-to-date symlink: /home/mahdi/atwork/robot_ws/install/alpha_robot/share/alpha_robot/local_setup.zsh
[0.305s] -- Up-to-date symlink: /home/mahdi/atwork/robot_ws/install/alpha_robot/share/alpha_robot/local_setup.dsv
[0.306s] -- Symlinking: /home/mahdi/atwork/robot_ws/install/alpha_robot/share/alpha_robot/package.dsv
[0.315s] -- Up-to-date symlink: /home/mahdi/atwork/robot_ws/install/alpha_robot/share/ament_index/resource_index/packages/alpha_robot
[0.315s] -- Up-to-date symlink: /home/mahdi/atwork/robot_ws/install/alpha_robot/share/alpha_robot/cmake/alpha_robotConfig.cmake
[0.316s] -- Up-to-date symlink: /home/mahdi/atwork/robot_ws/install/alpha_robot/share/alpha_robot/cmake/alpha_robotConfig-version.cmake
[0.317s] -- Up-to-date symlink: /home/mahdi/atwork/robot_ws/install/alpha_robot/share/alpha_robot/package.xml
[0.319s] Invoked command in '/home/mahdi/atwork/robot_ws/build/alpha_robot' returned '0': CMAKE_PREFIX_PATH=/opt/ros/humble /usr/bin/cmake --install /home/mahdi/atwork/robot_ws/build/alpha_robot
