[0.018s] Invoking command in '/home/mahdi/atwork/robot_ws/build/alpha_robot': CMAKE_PREFIX_PATH=${CMAKE_PREFIX_PATH}:/opt/ros/humble /usr/bin/cmake --build /home/mahdi/atwork/robot_ws/build/alpha_robot -- -j6 -l6
[0.083s] Invoked command in '/home/mahdi/atwork/robot_ws/build/alpha_robot' returned '0': CMAKE_PREFIX_PATH=${CMAKE_PREFIX_PATH}:/opt/ros/humble /usr/bin/cmake --build /home/mahdi/atwork/robot_ws/build/alpha_robot -- -j6 -l6
[0.171s] Invoking command in '/home/mahdi/atwork/robot_ws/build/alpha_robot': CMAKE_PREFIX_PATH=${CMAKE_PREFIX_PATH}:/opt/ros/humble /usr/bin/cmake --install /home/mahdi/atwork/robot_ws/build/alpha_robot
[0.178s] -- Install configuration: ""
[0.178s] -- Execute custom install script
[0.179s] -- Up-to-date symlink: /home/mahdi/atwork/robot_ws/install/alpha_robot/share/alpha_robot/config/empty.yaml
[0.179s] -- Up-to-date symlink: /home/mahdi/atwork/robot_ws/install/alpha_robot/share/alpha_robot/description/atwork.urdf.xacro
[0.179s] -- Up-to-date symlink: /home/mahdi/atwork/robot_ws/install/alpha_robot/share/alpha_robot/description/robot_core.xacro
[0.179s] -- Up-to-date symlink: /home/mahdi/atwork/robot_ws/install/alpha_robot/share/alpha_robot/launch/rsp.launch.py
[0.180s] -- Up-to-date symlink: /home/mahdi/atwork/robot_ws/install/alpha_robot/share/alpha_robot/worlds/empty.world
[0.180s] -- Up-to-date symlink: /home/mahdi/atwork/robot_ws/install/alpha_robot/share/ament_index/resource_index/package_run_dependencies/alpha_robot
[0.180s] -- Up-to-date symlink: /home/mahdi/atwork/robot_ws/install/alpha_robot/share/ament_index/resource_index/parent_prefix_path/alpha_robot
[0.180s] -- Up-to-date symlink: /home/mahdi/atwork/robot_ws/install/alpha_robot/share/alpha_robot/environment/ament_prefix_path.sh
[0.180s] -- Up-to-date symlink: /home/mahdi/atwork/robot_ws/install/alpha_robot/share/alpha_robot/environment/ament_prefix_path.dsv
[0.180s] -- Up-to-date symlink: /home/mahdi/atwork/robot_ws/install/alpha_robot/share/alpha_robot/environment/path.sh
[0.181s] -- Up-to-date symlink: /home/mahdi/atwork/robot_ws/install/alpha_robot/share/alpha_robot/environment/path.dsv
[0.181s] -- Up-to-date symlink: /home/mahdi/atwork/robot_ws/install/alpha_robot/share/alpha_robot/local_setup.bash
[0.181s] -- Up-to-date symlink: /home/mahdi/atwork/robot_ws/install/alpha_robot/share/alpha_robot/local_setup.sh
[0.181s] -- Up-to-date symlink: /home/mahdi/atwork/robot_ws/install/alpha_robot/share/alpha_robot/local_setup.zsh
[0.181s] -- Up-to-date symlink: /home/mahdi/atwork/robot_ws/install/alpha_robot/share/alpha_robot/local_setup.dsv
[0.181s] -- Symlinking: /home/mahdi/atwork/robot_ws/install/alpha_robot/share/alpha_robot/package.dsv
[0.190s] -- Up-to-date symlink: /home/mahdi/atwork/robot_ws/install/alpha_robot/share/ament_index/resource_index/packages/alpha_robot
[0.190s] -- Up-to-date symlink: /home/mahdi/atwork/robot_ws/install/alpha_robot/share/alpha_robot/cmake/alpha_robotConfig.cmake
[0.190s] -- Up-to-date symlink: /home/mahdi/atwork/robot_ws/install/alpha_robot/share/alpha_robot/cmake/alpha_robotConfig-version.cmake
[0.190s] -- Up-to-date symlink: /home/mahdi/atwork/robot_ws/install/alpha_robot/share/alpha_robot/package.xml
[0.223s] Invoked command in '/home/mahdi/atwork/robot_ws/build/alpha_robot' returned '0': CMAKE_PREFIX_PATH=${CMAKE_PREFIX_PATH}:/opt/ros/humble /usr/bin/cmake --install /home/mahdi/atwork/robot_ws/build/alpha_robot
