[0.068s] Invoking command in '/home/mahdi/atwork/robot_ws/build/alpha_robot': CMAKE_PREFIX_PATH=${CMAKE_PREFIX_PATH}:/opt/ros/humble /usr/bin/cmake /home/mahdi/atwork/robot_ws/src/alpha_robot -DAMENT_CMAKE_SYMLINK_INSTALL=1 -DCMAKE_INSTALL_PREFIX=/home/mahdi/atwork/robot_ws/install/alpha_robot
[0.818s] -- The C compiler identification is GNU 11.3.0
[1.095s] -- The CXX compiler identification is GNU 11.3.0
[1.125s] -- Detecting C compiler ABI info
[1.285s] -- Detecting C compiler ABI info - done
[1.306s] -- Check for working C compiler: /usr/bin/cc - skipped
[1.327s] -- Detecting C compile features
[1.328s] -- Detecting C compile features - done
[1.335s] -- Detecting CXX compiler ABI info
[1.481s] -- Detecting CXX compiler ABI info - done
[1.498s] -- Check for working CXX compiler: /usr/bin/c++ - skipped
[1.499s] -- Detecting CXX compile features
[1.499s] -- Detecting CXX compile features - done
[1.558s] -- Found ament_cmake: 1.3.4 (/opt/ros/humble/share/ament_cmake/cmake)
[1.814s] -- Found Python3: /usr/bin/python3.10 (found version "3.10.6") found components: Interpreter 
[1.942s] -- Override CMake install command with custom implementation using symlinks instead of copying resources
[2.055s] -- Found ament_lint_auto: 0.12.6 (/opt/ros/humble/share/ament_lint_auto/cmake)
[2.253s] -- Added test 'flake8' to check Python code syntax and style conventions
[2.255s] -- Added test 'lint_cmake' to check CMake code style
[2.256s] -- Added test 'pep257' to check Python code against some of the docstring style conventions in PEP 257
[2.258s] -- Added test 'xmllint' to check XML markup files
[2.263s] -- Configuring done
[2.271s] -- Generating done
[2.273s] -- Build files have been written to: /home/mahdi/atwork/robot_ws/build/alpha_robot
[2.281s] Invoked command in '/home/mahdi/atwork/robot_ws/build/alpha_robot' returned '0': CMAKE_PREFIX_PATH=${CMAKE_PREFIX_PATH}:/opt/ros/humble /usr/bin/cmake /home/mahdi/atwork/robot_ws/src/alpha_robot -DAMENT_CMAKE_SYMLINK_INSTALL=1 -DCMAKE_INSTALL_PREFIX=/home/mahdi/atwork/robot_ws/install/alpha_robot
[2.284s] Invoking command in '/home/mahdi/atwork/robot_ws/build/alpha_robot': CMAKE_PREFIX_PATH=${CMAKE_PREFIX_PATH}:/opt/ros/humble /usr/bin/cmake --build /home/mahdi/atwork/robot_ws/build/alpha_robot -- -j6 -l6
[2.360s] Invoked command in '/home/mahdi/atwork/robot_ws/build/alpha_robot' returned '0': CMAKE_PREFIX_PATH=${CMAKE_PREFIX_PATH}:/opt/ros/humble /usr/bin/cmake --build /home/mahdi/atwork/robot_ws/build/alpha_robot -- -j6 -l6
[2.428s] Invoking command in '/home/mahdi/atwork/robot_ws/build/alpha_robot': CMAKE_PREFIX_PATH=${CMAKE_PREFIX_PATH}:/opt/ros/humble /usr/bin/cmake --install /home/mahdi/atwork/robot_ws/build/alpha_robot
[2.435s] -- Install configuration: ""
[2.436s] -- Execute custom install script
[2.439s] [31mCMake Error at ament_cmake_symlink_install/ament_cmake_symlink_install.cmake:100 (message):
[2.444s]   ament_cmake_symlink_install_directory() can't find
[2.444s]   '/home/mahdi/atwork/robot_ws/src/alpha_robot/config'
[2.444s] Call Stack (most recent call first):
[2.444s]   ament_cmake_symlink_install/ament_cmake_symlink_install.cmake:314 (ament_cmake_symlink_install_directory)
[2.444s]   cmake_install.cmake:46 (include)
[2.444s] 
[2.444s] [0m
[2.452s] Invoked command in '/home/mahdi/atwork/robot_ws/build/alpha_robot' returned '1': CMAKE_PREFIX_PATH=${CMAKE_PREFIX_PATH}:/opt/ros/humble /usr/bin/cmake --install /home/mahdi/atwork/robot_ws/build/alpha_robot
