[0.057s] Invoking command in '/home/mahdi/atwork/robot_ws/build/alpha_robot': CMAKE_PREFIX_PATH=/opt/ros/humble /usr/bin/cmake --build /home/mahdi/atwork/robot_ws/build/alpha_robot -- -j6 -l6
[0.429s] -- Found ament_cmake: 1.3.4 (/opt/ros/humble/share/ament_cmake/cmake)
[0.785s] -- Found Python3: /usr/bin/python3.10 (found version "3.10.12") found components: Interpreter 
[1.012s] -- Override CMake install command with custom implementation using symlinks instead of copying resources
[1.061s] -- Found ament_lint_auto: 0.12.6 (/opt/ros/humble/share/ament_lint_auto/cmake)
[1.167s] -- Added test 'flake8' to check Python code syntax and style conventions
[1.168s] -- Added test 'lint_cmake' to check CMake code style
[1.169s] -- Added test 'pep257' to check Python code against some of the docstring style conventions in PEP 257
[1.173s] -- Added test 'xmllint' to check XML markup files
[1.187s] -- Configuring done
[1.220s] -- Generating done
[1.224s] -- Build files have been written to: /home/mahdi/atwork/robot_ws/build/alpha_robot
[1.252s] Invoked command in '/home/mahdi/atwork/robot_ws/build/alpha_robot' returned '0': CMAKE_PREFIX_PATH=/opt/ros/humble /usr/bin/cmake --build /home/mahdi/atwork/robot_ws/build/alpha_robot -- -j6 -l6
[1.335s] Invoking command in '/home/mahdi/atwork/robot_ws/build/alpha_robot': CMAKE_PREFIX_PATH=/opt/ros/humble /usr/bin/cmake --install /home/mahdi/atwork/robot_ws/build/alpha_robot
[1.345s] -- Install configuration: ""
[1.348s] -- Execute custom install script
[1.351s] -- Up-to-date symlink: /home/mahdi/atwork/robot_ws/install/alpha_robot/share/alpha_robot/config/empty.yaml
[1.352s] -- Up-to-date symlink: /home/mahdi/atwork/robot_ws/install/alpha_robot/share/alpha_robot/config/view_bot.rviz
[1.355s] -- Up-to-date symlink: /home/mahdi/atwork/robot_ws/install/alpha_robot/share/alpha_robot/description/atwork.urdf.xacro
[1.356s] -- Up-to-date symlink: /home/mahdi/atwork/robot_ws/install/alpha_robot/share/alpha_robot/description/gazebo_control.xacro
[1.361s] -- Up-to-date symlink: /home/mahdi/atwork/robot_ws/install/alpha_robot/share/alpha_robot/description/inertia.marcos.xacro
[1.364s] -- Up-to-date symlink: /home/mahdi/atwork/robot_ws/install/alpha_robot/share/alpha_robot/description/lidar.xacro
[1.365s] -- Up-to-date symlink: /home/mahdi/atwork/robot_ws/install/alpha_robot/share/alpha_robot/description/robot_core.xacro
[1.367s] -- Up-to-date symlink: /home/mahdi/atwork/robot_ws/install/alpha_robot/share/alpha_robot/launch/launch_sim.launch.py
[1.368s] -- Up-to-date symlink: /home/mahdi/atwork/robot_ws/install/alpha_robot/share/alpha_robot/launch/rplidar.launch.py
[1.368s] -- Up-to-date symlink: /home/mahdi/atwork/robot_ws/install/alpha_robot/share/alpha_robot/launch/rsp.launch.py
[1.373s] -- Up-to-date symlink: /home/mahdi/atwork/robot_ws/install/alpha_robot/share/alpha_robot/worlds/empty.world
[1.375s] -- Up-to-date symlink: /home/mahdi/atwork/robot_ws/install/alpha_robot/share/ament_index/resource_index/package_run_dependencies/alpha_robot
[1.376s] -- Up-to-date symlink: /home/mahdi/atwork/robot_ws/install/alpha_robot/share/ament_index/resource_index/parent_prefix_path/alpha_robot
[1.377s] -- Up-to-date symlink: /home/mahdi/atwork/robot_ws/install/alpha_robot/share/alpha_robot/environment/ament_prefix_path.sh
[1.379s] -- Up-to-date symlink: /home/mahdi/atwork/robot_ws/install/alpha_robot/share/alpha_robot/environment/ament_prefix_path.dsv
[1.382s] -- Up-to-date symlink: /home/mahdi/atwork/robot_ws/install/alpha_robot/share/alpha_robot/environment/path.sh
[1.387s] -- Up-to-date symlink: /home/mahdi/atwork/robot_ws/install/alpha_robot/share/alpha_robot/environment/path.dsv
[1.389s] -- Up-to-date symlink: /home/mahdi/atwork/robot_ws/install/alpha_robot/share/alpha_robot/local_setup.bash
[1.390s] -- Up-to-date symlink: /home/mahdi/atwork/robot_ws/install/alpha_robot/share/alpha_robot/local_setup.sh
[1.404s] -- Up-to-date symlink: /home/mahdi/atwork/robot_ws/install/alpha_robot/share/alpha_robot/local_setup.zsh
[1.414s] -- Up-to-date symlink: /home/mahdi/atwork/robot_ws/install/alpha_robot/share/alpha_robot/local_setup.dsv
[1.422s] -- Symlinking: /home/mahdi/atwork/robot_ws/install/alpha_robot/share/alpha_robot/package.dsv
[1.449s] -- Up-to-date symlink: /home/mahdi/atwork/robot_ws/install/alpha_robot/share/ament_index/resource_index/packages/alpha_robot
[1.450s] -- Up-to-date symlink: /home/mahdi/atwork/robot_ws/install/alpha_robot/share/alpha_robot/cmake/alpha_robotConfig.cmake
[1.451s] -- Up-to-date symlink: /home/mahdi/atwork/robot_ws/install/alpha_robot/share/alpha_robot/cmake/alpha_robotConfig-version.cmake
[1.452s] -- Up-to-date symlink: /home/mahdi/atwork/robot_ws/install/alpha_robot/share/alpha_robot/package.xml
[1.456s] Invoked command in '/home/mahdi/atwork/robot_ws/build/alpha_robot' returned '0': CMAKE_PREFIX_PATH=/opt/ros/humble /usr/bin/cmake --install /home/mahdi/atwork/robot_ws/build/alpha_robot
