[0.053s] Invoking command in '/home/mahdi/atwork/build/alpha_robot': CMAKE_PREFIX_PATH=/opt/ros/humble /usr/bin/cmake /home/mahdi/atwork/robot_ws/src/alpha_robot -DAMENT_CMAKE_SYMLINK_INSTALL=1 -DCMAKE_INSTALL_PREFIX=/home/mahdi/atwork/install/alpha_robot
[0.829s] -- The C compiler identification is GNU 11.4.0
[0.939s] -- The CXX compiler identification is GNU 11.4.0
[0.965s] -- Detecting C compiler ABI info
[1.099s] -- Detecting C compiler ABI info - done
[1.110s] -- Check for working C compiler: /usr/bin/cc - skipped
[1.111s] -- Detecting C compile features
[1.114s] -- Detecting C compile features - done
[1.125s] -- Detecting CXX compiler ABI info
[1.225s] -- Detecting CXX compiler ABI info - done
[1.230s] -- Check for working CXX compiler: /usr/bin/c++ - skipped
[1.231s] -- Detecting CXX compile features
[1.232s] -- Detecting CXX compile features - done
[1.309s] -- Found ament_cmake: 1.3.4 (/opt/ros/humble/share/ament_cmake/cmake)
[1.535s] -- Found Python3: /usr/bin/python3.10 (found version "3.10.12") found components: Interpreter 
[1.639s] -- Override CMake install command with custom implementation using symlinks instead of copying resources
[1.730s] -- Found ament_lint_auto: 0.12.6 (/opt/ros/humble/share/ament_lint_auto/cmake)
[1.845s] -- Added test 'flake8' to check Python code syntax and style conventions
[1.847s] -- Added test 'lint_cmake' to check CMake code style
[1.851s] -- Added test 'pep257' to check Python code against some of the docstring style conventions in PEP 257
[1.854s] -- Added test 'xmllint' to check XML markup files
[1.858s] -- Configuring done
[1.860s] -- Generating done
[1.861s] -- Build files have been written to: /home/mahdi/atwork/build/alpha_robot
[1.868s] Invoked command in '/home/mahdi/atwork/build/alpha_robot' returned '0': CMAKE_PREFIX_PATH=/opt/ros/humble /usr/bin/cmake /home/mahdi/atwork/robot_ws/src/alpha_robot -DAMENT_CMAKE_SYMLINK_INSTALL=1 -DCMAKE_INSTALL_PREFIX=/home/mahdi/atwork/install/alpha_robot
[1.868s] Invoking command in '/home/mahdi/atwork/build/alpha_robot': CMAKE_PREFIX_PATH=/opt/ros/humble /usr/bin/cmake --build /home/mahdi/atwork/build/alpha_robot -- -j6 -l6
[1.926s] Invoked command in '/home/mahdi/atwork/build/alpha_robot' returned '0': CMAKE_PREFIX_PATH=/opt/ros/humble /usr/bin/cmake --build /home/mahdi/atwork/build/alpha_robot -- -j6 -l6
[1.988s] Invoking command in '/home/mahdi/atwork/build/alpha_robot': CMAKE_PREFIX_PATH=/opt/ros/humble /usr/bin/cmake --install /home/mahdi/atwork/build/alpha_robot
[1.997s] -- Install configuration: ""
[1.997s] -- Execute custom install script
[1.997s] -- Symlinking: /home/mahdi/atwork/install/alpha_robot/share/alpha_robot/config/empty.yaml
[2.011s] -- Symlinking: /home/mahdi/atwork/install/alpha_robot/share/alpha_robot/config/view_bot.rviz
[2.022s] -- Symlinking: /home/mahdi/atwork/install/alpha_robot/share/alpha_robot/description/atwork.urdf.xacro
[2.032s] -- Symlinking: /home/mahdi/atwork/install/alpha_robot/share/alpha_robot/description/gazebo_control.xacro
[2.041s] -- Symlinking: /home/mahdi/atwork/install/alpha_robot/share/alpha_robot/description/inertia.marcos.xacro
[2.056s] -- Symlinking: /home/mahdi/atwork/install/alpha_robot/share/alpha_robot/description/robot_core.xacro
[2.065s] -- Symlinking: /home/mahdi/atwork/install/alpha_robot/share/alpha_robot/launch/launch_sim.launch.py
[2.087s] -- Symlinking: /home/mahdi/atwork/install/alpha_robot/share/alpha_robot/launch/rsp.launch.py
[2.096s] -- Symlinking: /home/mahdi/atwork/install/alpha_robot/share/alpha_robot/worlds/empty.world
[2.108s] -- Symlinking: /home/mahdi/atwork/install/alpha_robot/share/ament_index/resource_index/package_run_dependencies/alpha_robot
[2.117s] -- Symlinking: /home/mahdi/atwork/install/alpha_robot/share/ament_index/resource_index/parent_prefix_path/alpha_robot
[2.126s] -- Symlinking: /home/mahdi/atwork/install/alpha_robot/share/alpha_robot/environment/ament_prefix_path.sh
[2.149s] -- Symlinking: /home/mahdi/atwork/install/alpha_robot/share/alpha_robot/environment/ament_prefix_path.dsv
[2.159s] -- Symlinking: /home/mahdi/atwork/install/alpha_robot/share/alpha_robot/environment/path.sh
[2.174s] -- Symlinking: /home/mahdi/atwork/install/alpha_robot/share/alpha_robot/environment/path.dsv
[2.188s] -- Symlinking: /home/mahdi/atwork/install/alpha_robot/share/alpha_robot/local_setup.bash
[2.210s] -- Symlinking: /home/mahdi/atwork/install/alpha_robot/share/alpha_robot/local_setup.sh
[2.220s] -- Symlinking: /home/mahdi/atwork/install/alpha_robot/share/alpha_robot/local_setup.zsh
[2.230s] -- Symlinking: /home/mahdi/atwork/install/alpha_robot/share/alpha_robot/local_setup.dsv
[2.240s] -- Symlinking: /home/mahdi/atwork/install/alpha_robot/share/alpha_robot/package.dsv
[2.253s] -- Symlinking: /home/mahdi/atwork/install/alpha_robot/share/ament_index/resource_index/packages/alpha_robot
[2.262s] -- Symlinking: /home/mahdi/atwork/install/alpha_robot/share/alpha_robot/cmake/alpha_robotConfig.cmake
[2.270s] -- Symlinking: /home/mahdi/atwork/install/alpha_robot/share/alpha_robot/cmake/alpha_robotConfig-version.cmake
[2.279s] -- Symlinking: /home/mahdi/atwork/install/alpha_robot/share/alpha_robot/package.xml
[2.310s] Invoked command in '/home/mahdi/atwork/build/alpha_robot' returned '0': CMAKE_PREFIX_PATH=/opt/ros/humble /usr/bin/cmake --install /home/mahdi/atwork/build/alpha_robot
