[0.064s] Invoking command in '/home/mahdi/atwork/robot_ws/build/alpha_robot': CMAKE_PREFIX_PATH=/opt/ros/humble /usr/bin/cmake --build /home/mahdi/atwork/robot_ws/build/alpha_robot -- -j6 -l6
[0.228s] Invoked command in '/home/mahdi/atwork/robot_ws/build/alpha_robot' returned '0': CMAKE_PREFIX_PATH=/opt/ros/humble /usr/bin/cmake --build /home/mahdi/atwork/robot_ws/build/alpha_robot -- -j6 -l6
[0.286s] Invoking command in '/home/mahdi/atwork/robot_ws/build/alpha_robot': CMAKE_PREFIX_PATH=/opt/ros/humble /usr/bin/cmake --install /home/mahdi/atwork/robot_ws/build/alpha_robot
[0.297s] -- Install configuration: ""
[0.309s] -- Execute custom install script
[0.314s] -- Up-to-date symlink: /home/mahdi/atwork/robot_ws/install/alpha_robot/share/alpha_robot/config/empty.yaml
[0.314s] -- Up-to-date symlink: /home/mahdi/atwork/robot_ws/install/alpha_robot/share/alpha_robot/config/view_bot.rviz
[0.315s] -- Up-to-date symlink: /home/mahdi/atwork/robot_ws/install/alpha_robot/share/alpha_robot/description/atwork.urdf.xacro
[0.315s] -- Symlinking: /home/mahdi/atwork/robot_ws/install/alpha_robot/share/alpha_robot/description/gazebo_control.xacro
[0.324s] -- Up-to-date symlink: /home/mahdi/atwork/robot_ws/install/alpha_robot/share/alpha_robot/description/inertia.marcos.xacro
[0.325s] -- Up-to-date symlink: /home/mahdi/atwork/robot_ws/install/alpha_robot/share/alpha_robot/description/robot_core.xacro
[0.325s] -- Up-to-date symlink: /home/mahdi/atwork/robot_ws/install/alpha_robot/share/alpha_robot/launch/launch_sim.launch.py
[0.325s] -- Up-to-date symlink: /home/mahdi/atwork/robot_ws/install/alpha_robot/share/alpha_robot/launch/rsp.launch.py
[0.326s] -- Up-to-date symlink: /home/mahdi/atwork/robot_ws/install/alpha_robot/share/alpha_robot/worlds/empty.world
[0.337s] -- Up-to-date symlink: /home/mahdi/atwork/robot_ws/install/alpha_robot/share/ament_index/resource_index/package_run_dependencies/alpha_robot
[0.337s] -- Up-to-date symlink: /home/mahdi/atwork/robot_ws/install/alpha_robot/share/ament_index/resource_index/parent_prefix_path/alpha_robot
[0.337s] -- Up-to-date symlink: /home/mahdi/atwork/robot_ws/install/alpha_robot/share/alpha_robot/environment/ament_prefix_path.sh
[0.337s] -- Up-to-date symlink: /home/mahdi/atwork/robot_ws/install/alpha_robot/share/alpha_robot/environment/ament_prefix_path.dsv
[0.337s] -- Up-to-date symlink: /home/mahdi/atwork/robot_ws/install/alpha_robot/share/alpha_robot/environment/path.sh
[0.338s] -- Up-to-date symlink: /home/mahdi/atwork/robot_ws/install/alpha_robot/share/alpha_robot/environment/path.dsv
[0.341s] -- Up-to-date symlink: /home/mahdi/atwork/robot_ws/install/alpha_robot/share/alpha_robot/local_setup.bash
[0.341s] -- Up-to-date symlink: /home/mahdi/atwork/robot_ws/install/alpha_robot/share/alpha_robot/local_setup.sh
[0.341s] -- Up-to-date symlink: /home/mahdi/atwork/robot_ws/install/alpha_robot/share/alpha_robot/local_setup.zsh
[0.341s] -- Up-to-date symlink: /home/mahdi/atwork/robot_ws/install/alpha_robot/share/alpha_robot/local_setup.dsv
[0.341s] -- Symlinking: /home/mahdi/atwork/robot_ws/install/alpha_robot/share/alpha_robot/package.dsv
[0.361s] -- Up-to-date symlink: /home/mahdi/atwork/robot_ws/install/alpha_robot/share/ament_index/resource_index/packages/alpha_robot
[0.361s] -- Up-to-date symlink: /home/mahdi/atwork/robot_ws/install/alpha_robot/share/alpha_robot/cmake/alpha_robotConfig.cmake
[0.361s] -- Up-to-date symlink: /home/mahdi/atwork/robot_ws/install/alpha_robot/share/alpha_robot/cmake/alpha_robotConfig-version.cmake
[0.362s] -- Up-to-date symlink: /home/mahdi/atwork/robot_ws/install/alpha_robot/share/alpha_robot/package.xml
[0.365s] Invoked command in '/home/mahdi/atwork/robot_ws/build/alpha_robot' returned '0': CMAKE_PREFIX_PATH=/opt/ros/humble /usr/bin/cmake --install /home/mahdi/atwork/robot_ws/build/alpha_robot
